This file contains any messages produced by compilers while
running configure, to aid debugging if configure makes a mistake.

It was created by hexapode_ihm configure 0.1, which was
generated by GNU Autoconf 2.69.  Invocation command line was

  $ /home/krock/Documents/dev/hexapode_pi/hexapode_ihm/configure --enable-maintainer-mode

## --------- ##
## Platform. ##
## --------- ##

hostname = arch-anywhere
uname -m = x86_64
uname -r = 4.11.3-1-ARCH
uname -s = Linux
uname -v = #1 SMP PREEMPT Sun May 28 10:40:17 CEST 2017

/usr/bin/uname -p = unknown
/bin/uname -X     = unknown

/bin/arch              = unknown
/usr/bin/arch -k       = unknown
/usr/convex/getsysinfo = unknown
/usr/bin/hostinfo      = unknown
/bin/machine           = unknown
/usr/bin/oslevel       = unknown
/bin/universe          = unknown

PATH: /usr/local/sbin
PATH: /usr/local/bin
PATH: /usr/bin
PATH: /usr/bin/site_perl
PATH: /usr/bin/vendor_perl
PATH: /usr/bin/core_perl


## ----------- ##
## Core tests. ##
## ----------- ##

configure:1781: checking for a BSD-compatible install
configure:1849: result: /usr/bin/install -c
configure:1860: checking whether build environment is sane
configure:1915: result: yes
configure:2066: checking for a thread-safe mkdir -p
configure:2105: result: /usr/bin/mkdir -p
configure:2112: checking for gawk
configure:2128: found /usr/bin/gawk
configure:2139: result: gawk
configure:2150: checking whether make sets $(MAKE)
configure:2172: result: yes
configure:2201: checking whether make supports nested variables
configure:2218: result: yes
configure:2357: checking for python
configure:2375: found /usr/bin/python
configure:2387: result: /usr/bin/python
configure:2408: checking for python version
configure:2415: result: 3.6
configure:2427: checking for python platform
configure:2434: result: linux
configure:2460: checking for python script directory
configure:2495: result: ${prefix}/lib/python3.6/site-packages
configure:2504: checking for python extension module directory
configure:2539: result: ${exec_prefix}/lib/python3.6/site-packages
configure:2670: checking that generated files are newer than configure
configure:2676: result: done
configure:2684: creating ./config.status

## ---------------------- ##
## Running config.status. ##
## ---------------------- ##

This file was extended by hexapode_ihm config.status 0.1, which was
generated by GNU Autoconf 2.69.  Invocation command line was

  CONFIG_FILES    = 
  CONFIG_HEADERS  = 
  CONFIG_LINKS    = 
  CONFIG_COMMANDS = 
  $ ./config.status 

on arch-anywhere

config.status:820: creating Makefile
config.status:820: creating src/Makefile
config.status:820: creating config.h
configure:3887: WARNING: unrecognized options: --enable-maintainer-mode

## ---------------- ##
## Cache variables. ##
## ---------------- ##

ac_cv_env_PYTHON_set=
ac_cv_env_PYTHON_value=
ac_cv_env_build_alias_set=
ac_cv_env_build_alias_value=
ac_cv_env_host_alias_set=
ac_cv_env_host_alias_value=
ac_cv_env_target_alias_set=
ac_cv_env_target_alias_value=
ac_cv_path_PYTHON=/usr/bin/python
ac_cv_path_install='/usr/bin/install -c'
ac_cv_path_mkdir=/usr/bin/mkdir
ac_cv_prog_AWK=gawk
ac_cv_prog_make_make_set=yes
am_cv_make_support_nested_variables=yes
am_cv_python_platform=linux
am_cv_python_pyexecdir='${exec_prefix}/lib/python3.6/site-packages'
am_cv_python_pythondir='${prefix}/lib/python3.6/site-packages'
am_cv_python_version=3.6

## ----------------- ##
## Output variables. ##
## ----------------- ##

ACLOCAL='${SHELL} /home/krock/Documents/dev/hexapode_pi/hexapode_ihm/missing aclocal-1.15'
AMTAR='$${TAR-tar}'
AM_BACKSLASH='\'
AM_DEFAULT_V='$(AM_DEFAULT_VERBOSITY)'
AM_DEFAULT_VERBOSITY='1'
AM_V='$(V)'
AUTOCONF='${SHELL} /home/krock/Documents/dev/hexapode_pi/hexapode_ihm/missing autoconf'
AUTOHEADER='${SHELL} /home/krock/Documents/dev/hexapode_pi/hexapode_ihm/missing autoheader'
AUTOMAKE='${SHELL} /home/krock/Documents/dev/hexapode_pi/hexapode_ihm/missing automake-1.15'
AWK='gawk'
CYGPATH_W='echo'
DEFS='-DHAVE_CONFIG_H'
ECHO_C=''
ECHO_N='-n'
ECHO_T=''
INSTALL_DATA='${INSTALL} -m 644'
INSTALL_PROGRAM='${INSTALL}'
INSTALL_SCRIPT='${INSTALL}'
INSTALL_STRIP_PROGRAM='$(install_sh) -c -s'
LIBOBJS=''
LIBS=''
LTLIBOBJS=''
MAKEINFO='${SHELL} /home/krock/Documents/dev/hexapode_pi/hexapode_ihm/missing makeinfo'
MKDIR_P='/usr/bin/mkdir -p'
PACKAGE='hexapode_ihm'
PACKAGE_BUGREPORT=''
PACKAGE_NAME='hexapode_ihm'
PACKAGE_STRING='hexapode_ihm 0.1'
PACKAGE_TARNAME='hexapode_ihm'
PACKAGE_URL=''
PACKAGE_VERSION='0.1'
PATH_SEPARATOR=':'
PYTHON='/usr/bin/python'
PYTHON_EXEC_PREFIX='${exec_prefix}'
PYTHON_PLATFORM='linux'
PYTHON_PREFIX='${prefix}'
PYTHON_VERSION='3.6'
SET_MAKE=''
SHELL='/bin/sh'
STRIP=''
VERSION='0.1'
am__isrc=''
am__leading_dot='.'
am__tar='$${TAR-tar} chof - "$$tardir"'
am__untar='$${TAR-tar} xf -'
bindir='${exec_prefix}/bin'
build_alias=''
datadir='${datarootdir}'
datarootdir='${prefix}/share'
docdir='${datarootdir}/doc/${PACKAGE_TARNAME}'
dvidir='${docdir}'
exec_prefix='${prefix}'
host_alias=''
htmldir='${docdir}'
includedir='${prefix}/include'
infodir='${datarootdir}/info'
install_sh='${SHELL} /home/krock/Documents/dev/hexapode_pi/hexapode_ihm/install-sh'
libdir='${exec_prefix}/lib'
libexecdir='${exec_prefix}/libexec'
localedir='${datarootdir}/locale'
localstatedir='${prefix}/var'
mandir='${datarootdir}/man'
mkdir_p='$(MKDIR_P)'
oldincludedir='/usr/include'
pdfdir='${docdir}'
pkgpyexecdir='${pyexecdir}/hexapode_ihm'
pkgpythondir='${pythondir}/hexapode_ihm'
prefix='/usr/local'
program_transform_name='s,x,x,'
psdir='${docdir}'
pyexecdir='${exec_prefix}/lib/python3.6/site-packages'
pythondir='${prefix}/lib/python3.6/site-packages'
runstatedir='${localstatedir}/run'
sbindir='${exec_prefix}/sbin'
sharedstatedir='${prefix}/com'
sysconfdir='${prefix}/etc'
target_alias=''

## ----------- ##
## confdefs.h. ##
## ----------- ##

/* confdefs.h */
#define PACKAGE_NAME "hexapode_ihm"
#define PACKAGE_TARNAME "hexapode_ihm"
#define PACKAGE_VERSION "0.1"
#define PACKAGE_STRING "hexapode_ihm 0.1"
#define PACKAGE_BUGREPORT ""
#define PACKAGE_URL ""
#define PACKAGE "hexapode_ihm"
#define VERSION "0.1"

configure: exit 0
